<?xml version="1.0" encoding="UTF-8"?>
<testsuite xmlns:xsi="http://www.w3.org/2001/XMLSchema-instance" xsi:noNamespaceSchemaLocation="https://maven.apache.org/surefire/maven-surefire-plugin/xsd/surefire-test-report.xsd" version="3.0.2" name="com.contrain.demo.GymcontainerApplicationTests" time="30.506" tests="1" errors="0" skipped="0" failures="0">
  <properties>
[...]
</properties>
  <testcase name="contextLoads" classname="com.contrain.demo.GymcontainerApplicationTests" time="2.107">
    <system-out><![CDATA[01:15:32.293 [main] INFO org.springframework.test.context.support.AnnotationConfigContextLoaderUtils -- Could not detect default configuration classes for test class [com.contrain.demo.GymcontainerApplicationTests]: GymcontainerApplicationTests does not declare any static, non-private, non-final, nested classes annotated with @Configuration.
01:15:32.746 [main] INFO org.springframework.boot.test.context.SpringBootTestContextBootstrapper -- Found @SpringBootConfiguration com.contrain.demo.GymcontainerApplication for test class com.contrain.demo.GymcontainerApplicationTests

  .   ____          _            __ _ _
 /\\ / ___'_ __ _ _(_)_ __  __ _ \ \ \ \
( ( )\___ | '_ | '_| | '_ \/ _` | \ \ \ \
 \\/  ___)| |_)| | | | | || (_| |  ) ) ) )
  '  |____| .__|_| |_|_| |_\__, | / / / /
 =========|_|==============|___/=/_/_/_/

 :: Spring Boot ::       (v3.5.4-SNAPSHOT)

2025-07-02T01:15:33.813+03:00  INFO 14049 --- [gymcontainer] [           main] c.c.demo.GymcontainerApplicationTests    : Starting GymcontainerApplicationTests using Java 21.0.7 with PID 14049 (started by stavrossamaras in /Users/stavrossamaras/Documents/GitHub/contrainer-app-1)
2025-07-02T01:15:33.843+03:00  INFO 14049 --- [gymcontainer] [           main] c.c.demo.GymcontainerApplicationTests    : No active profile set, falling back to 1 default profile: "default"
2025-07-02T01:15:35.300+03:00  INFO 14049 --- [gymcontainer] [           main] .s.d.r.c.RepositoryConfigurationDelegate : Bootstrapping Spring Data JPA repositories in DEFAULT mode.
2025-07-02T01:15:35.343+03:00  INFO 14049 --- [gymcontainer] [           main] .s.d.r.c.RepositoryConfigurationDelegate : Finished Spring Data repository scanning in 24 ms. Found 0 JPA repository interfaces.
2025-07-02T01:15:36.137+03:00  INFO 14049 --- [gymcontainer] [           main] com.zaxxer.hikari.HikariDataSource       : HikariPool-1 - Starting...
2025-07-02T01:15:36.483+03:00  INFO 14049 --- [gymcontainer] [           main] com.zaxxer.hikari.pool.HikariPool        : HikariPool-1 - Added connection conn0: url=jdbc:h2:mem:e085787d-58bc-4f2c-af3e-1e8493cc0434 user=SA
2025-07-02T01:15:36.487+03:00  INFO 14049 --- [gymcontainer] [           main] com.zaxxer.hikari.HikariDataSource       : HikariPool-1 - Start completed.
2025-07-02T01:15:36.596+03:00  INFO 14049 --- [gymcontainer] [           main] o.hibernate.jpa.internal.util.LogHelper  : HHH000204: Processing PersistenceUnitInfo [name: default]
2025-07-02T01:15:36.748+03:00  INFO 14049 --- [gymcontainer] [           main] org.hibernate.Version                    : HHH000412: Hibernate ORM core version 6.6.18.Final
2025-07-02T01:15:36.848+03:00  INFO 14049 --- [gymcontainer] [           main] o.h.c.internal.RegionFactoryInitiator    : HHH000026: Second-level cache disabled
2025-07-02T01:15:37.402+03:00  INFO 14049 --- [gymcontainer] [           main] o.s.o.j.p.SpringPersistenceUnitInfo      : No LoadTimeWeaver setup: ignoring JPA class transformer
2025-07-02T01:15:37.556+03:00  INFO 14049 --- [gymcontainer] [           main] org.hibernate.orm.connections.pooling    : HHH10001005: Database info:
	Database JDBC URL [Connecting through datasource 'HikariDataSource (HikariPool-1)']
	Database driver: undefined/unknown
	Database version: 2.3.232
	Autocommit mode: undefined/unknown
	Isolation level: undefined/unknown
	Minimum pool size: undefined/unknown
	Maximum pool size: undefined/unknown
2025-07-02T01:15:38.696+03:00  INFO 14049 --- [gymcontainer] [           main] o.h.e.t.j.p.i.JtaPlatformInitiator       : HHH000489: No JTA platform available (set 'hibernate.transaction.jta.platform' to enable JTA platform integration)
2025-07-02T01:15:38.704+03:00  INFO 14049 --- [gymcontainer] [           main] j.LocalContainerEntityManagerFactoryBean : Initialized JPA EntityManagerFactory for persistence unit 'default'
2025-07-02T01:15:38.782+03:00  INFO 14049 --- [gymcontainer] [           main] org.testcontainers.images.PullPolicy     : Image pull policy will be performed by: DefaultPullPolicy()
2025-07-02T01:15:38.790+03:00  INFO 14049 --- [gymcontainer] [           main] o.t.utility.ImageNameSubstitutor         : Image name substitution will be performed by: DefaultImageNameSubstitutor (composite of 'ConfigurationFileImageNameSubstitutor' and 'PrefixingImageNameSubstitutor')
2025-07-02T01:15:38.831+03:00  INFO 14049 --- [gymcontainer] [           main] org.testcontainers.DockerClientFactory   : Testcontainers version: 1.21.2
2025-07-02T01:15:39.670+03:00  INFO 14049 --- [gymcontainer] [           main] o.t.d.DockerClientProviderStrategy       : Found Docker environment with local Unix socket (unix:///var/run/docker.sock)
2025-07-02T01:15:39.678+03:00  INFO 14049 --- [gymcontainer] [           main] org.testcontainers.DockerClientFactory   : Docker host IP address is localhost
2025-07-02T01:15:39.746+03:00  INFO 14049 --- [gymcontainer] [           main] org.testcontainers.DockerClientFactory   : Connected to docker: 
  Server Version: 28.2.2
  API Version: 1.50
  Operating System: Docker Desktop
  Total Memory: 7840 MB
  Labels: 
    com.docker.desktop.address=unix:///Users/stavrossamaras/Library/Containers/com.docker.docker/Data/docker-cli.sock
2025-07-02T01:15:39.826+03:00  INFO 14049 --- [gymcontainer] [           main] tc.testcontainers/ryuk:0.12.0            : Pulling docker image: testcontainers/ryuk:0.12.0. Please be patient; this may take some time but only needs to be done once.
2025-07-02T01:15:42.110+03:00  INFO 14049 --- [gymcontainer] [ream--161404536] tc.testcontainers/ryuk:0.12.0            : Starting to pull image
2025-07-02T01:15:42.147+03:00  INFO 14049 --- [gymcontainer] [ream--161404536] tc.testcontainers/ryuk:0.12.0            : Pulling image layers:  0 pending,  0 downloaded,  0 extracted, (0 bytes/0 bytes)
2025-07-02T01:15:43.300+03:00  INFO 14049 --- [gymcontainer] [ream--161404536] tc.testcontainers/ryuk:0.12.0            : Pulling image layers:  2 pending,  1 downloaded,  0 extracted, (2 MB/? MB)
2025-07-02T01:15:43.400+03:00  INFO 14049 --- [gymcontainer] [ream--161404536] tc.testcontainers/ryuk:0.12.0            : Pulling image layers:  1 pending,  2 downloaded,  0 extracted, (2 MB/? MB)
2025-07-02T01:15:43.503+03:00  INFO 14049 --- [gymcontainer] [ream--161404536] tc.testcontainers/ryuk:0.12.0            : Pulling image layers:  1 pending,  2 downloaded,  1 extracted, (2 MB/? MB)
2025-07-02T01:15:43.598+03:00  INFO 14049 --- [gymcontainer] [ream--161404536] tc.testcontainers/ryuk:0.12.0            : Pulling image layers:  1 pending,  2 downloaded,  2 extracted, (2 MB/? MB)
2025-07-02T01:15:44.999+03:00  INFO 14049 --- [gymcontainer] [ream--161404536] tc.testcontainers/ryuk:0.12.0            : Pulling image layers:  0 pending,  3 downloaded,  2 extracted, (8 MB/10 MB)
2025-07-02T01:15:45.052+03:00  INFO 14049 --- [gymcontainer] [ream--161404536] tc.testcontainers/ryuk:0.12.0            : Pulling image layers:  0 pending,  3 downloaded,  3 extracted, (8 MB/10 MB)
2025-07-02T01:15:45.057+03:00  INFO 14049 --- [gymcontainer] [ream--161404536] tc.testcontainers/ryuk:0.12.0            : Pull complete. 3 layers, pulled in 2s (downloaded 8 MB at 4 MB/s)
2025-07-02T01:15:45.058+03:00  INFO 14049 --- [gymcontainer] [           main] tc.testcontainers/ryuk:0.12.0            : Image testcontainers/ryuk:0.12.0 pull took PT5.231019S
2025-07-02T01:15:45.228+03:00  INFO 14049 --- [gymcontainer] [           main] tc.testcontainers/ryuk:0.12.0            : Creating container for image: testcontainers/ryuk:0.12.0
2025-07-02T01:15:45.603+03:00  INFO 14049 --- [gymcontainer] [           main] tc.testcontainers/ryuk:0.12.0            : Container testcontainers/ryuk:0.12.0 is starting: 31f61e4cd2b5a4e08b282c6b25711b34542d37953249e9bb401a2a6479284a43
2025-07-02T01:15:46.545+03:00  INFO 14049 --- [gymcontainer] [           main] tc.testcontainers/ryuk:0.12.0            : Container testcontainers/ryuk:0.12.0 started in PT1.316338S
2025-07-02T01:15:46.562+03:00  INFO 14049 --- [gymcontainer] [           main] o.t.utility.RyukResourceReaper           : Ryuk started - will monitor and terminate Testcontainers containers on JVM exit
2025-07-02T01:15:46.563+03:00  INFO 14049 --- [gymcontainer] [           main] org.testcontainers.DockerClientFactory   : Checking the system...
2025-07-02T01:15:46.564+03:00  INFO 14049 --- [gymcontainer] [           main] org.testcontainers.DockerClientFactory   : ✔︎ Docker server version should be at least 1.6.0
2025-07-02T01:15:46.575+03:00  INFO 14049 --- [gymcontainer] [           main] tc.apache/kafka-native:latest            : Pulling docker image: apache/kafka-native:latest. Please be patient; this may take some time but only needs to be done once.
2025-07-02T01:15:47.859+03:00  INFO 14049 --- [gymcontainer] [eam--1021916809] tc.apache/kafka-native:latest            : Starting to pull image
2025-07-02T01:15:47.861+03:00  INFO 14049 --- [gymcontainer] [eam--1021916809] tc.apache/kafka-native:latest            : Pulling image layers:  0 pending,  0 downloaded,  0 extracted, (0 bytes/0 bytes)
2025-07-02T01:15:50.494+03:00  INFO 14049 --- [gymcontainer] [eam--1021916809] tc.apache/kafka-native:latest            : Pulling image layers:  7 pending,  1 downloaded,  0 extracted, (3 MB/? MB)
2025-07-02T01:15:50.694+03:00  INFO 14049 --- [gymcontainer] [eam--1021916809] tc.apache/kafka-native:latest            : Pulling image layers:  7 pending,  1 downloaded,  1 extracted, (3 MB/? MB)
2025-07-02T01:15:50.793+03:00  INFO 14049 --- [gymcontainer] [eam--1021916809] tc.apache/kafka-native:latest            : Pulling image layers:  6 pending,  2 downloaded,  1 extracted, (3 MB/? MB)
2025-07-02T01:15:51.012+03:00  INFO 14049 --- [gymcontainer] [eam--1021916809] tc.apache/kafka-native:latest            : Pulling image layers:  5 pending,  3 downloaded,  1 extracted, (3 MB/? MB)
2025-07-02T01:15:51.096+03:00  INFO 14049 --- [gymcontainer] [eam--1021916809] tc.apache/kafka-native:latest            : Pulling image layers:  4 pending,  4 downloaded,  1 extracted, (3 MB/? MB)
2025-07-02T01:15:51.193+03:00  INFO 14049 --- [gymcontainer] [eam--1021916809] tc.apache/kafka-native:latest            : Pulling image layers:  3 pending,  5 downloaded,  1 extracted, (5 MB/? MB)
2025-07-02T01:15:51.195+03:00  INFO 14049 --- [gymcontainer] [eam--1021916809] tc.apache/kafka-native:latest            : Pulling image layers:  2 pending,  6 downloaded,  1 extracted, (5 MB/? MB)
2025-07-02T01:15:51.299+03:00  INFO 14049 --- [gymcontainer] [eam--1021916809] tc.apache/kafka-native:latest            : Pulling image layers:  2 pending,  6 downloaded,  2 extracted, (7 MB/? MB)
2025-07-02T01:15:51.396+03:00  INFO 14049 --- [gymcontainer] [eam--1021916809] tc.apache/kafka-native:latest            : Pulling image layers:  2 pending,  6 downloaded,  3 extracted, (7 MB/? MB)
2025-07-02T01:15:51.493+03:00  INFO 14049 --- [gymcontainer] [eam--1021916809] tc.apache/kafka-native:latest            : Pulling image layers:  1 pending,  7 downloaded,  3 extracted, (9 MB/? MB)
2025-07-02T01:15:54.895+03:00  INFO 14049 --- [gymcontainer] [eam--1021916809] tc.apache/kafka-native:latest            : Pulling image layers:  0 pending,  8 downloaded,  3 extracted, (45 MB/46 MB)
2025-07-02T01:15:56.693+03:00  INFO 14049 --- [gymcontainer] [eam--1021916809] tc.apache/kafka-native:latest            : Pulling image layers:  0 pending,  8 downloaded,  4 extracted, (45 MB/46 MB)
2025-07-02T01:15:56.700+03:00  INFO 14049 --- [gymcontainer] [eam--1021916809] tc.apache/kafka-native:latest            : Pulling image layers:  0 pending,  8 downloaded,  5 extracted, (45 MB/46 MB)
2025-07-02T01:15:56.796+03:00  INFO 14049 --- [gymcontainer] [eam--1021916809] tc.apache/kafka-native:latest            : Pulling image layers:  0 pending,  8 downloaded,  6 extracted, (45 MB/46 MB)
2025-07-02T01:15:56.799+03:00  INFO 14049 --- [gymcontainer] [eam--1021916809] tc.apache/kafka-native:latest            : Pulling image layers:  0 pending,  8 downloaded,  7 extracted, (45 MB/46 MB)
2025-07-02T01:15:56.801+03:00  INFO 14049 --- [gymcontainer] [eam--1021916809] tc.apache/kafka-native:latest            : Pulling image layers:  0 pending,  8 downloaded,  8 extracted, (45 MB/46 MB)
2025-07-02T01:15:56.863+03:00  INFO 14049 --- [gymcontainer] [eam--1021916809] tc.apache/kafka-native:latest            : Pull complete. 8 layers, pulled in 9s (downloaded 45 MB at 5 MB/s)
2025-07-02T01:15:56.863+03:00  INFO 14049 --- [gymcontainer] [           main] tc.apache/kafka-native:latest            : Image apache/kafka-native:latest pull took PT10.288053S
2025-07-02T01:15:56.979+03:00  INFO 14049 --- [gymcontainer] [           main] tc.apache/kafka-native:latest            : Creating container for image: apache/kafka-native:latest
2025-07-02T01:15:57.384+03:00  INFO 14049 --- [gymcontainer] [           main] tc.apache/kafka-native:latest            : Container apache/kafka-native:latest is starting: 738ba29c37413cd35c9063e3048f7c34ab4c1067a78ce1b6848eb2b4bc9658b7
2025-07-02T01:15:59.179+03:00  INFO 14049 --- [gymcontainer] [           main] tc.apache/kafka-native:latest            : Container apache/kafka-native:latest started in PT2.200407S
2025-07-02T01:15:59.422+03:00  WARN 14049 --- [gymcontainer] [           main] JpaBaseConfiguration$JpaWebConfiguration : spring.jpa.open-in-view is enabled by default. Therefore, database queries may be performed during view rendering. Explicitly configure spring.jpa.open-in-view to disable this warning
2025-07-02T01:16:00.395+03:00  INFO 14049 --- [gymcontainer] [           main] c.c.demo.GymcontainerApplicationTests    : Started GymcontainerApplicationTests in 27.266 seconds (process running for 29.61)
]]></system-out>
    <system-err><![CDATA[Mockito is currently self-attaching to enable the inline-mock-maker. This will no longer work in future releases of the JDK. Please add Mockito as an agent to your build as described in Mockito's documentation: https://javadoc.io/doc/org.mockito/mockito-core/latest/org.mockito/org/mockito/Mockito.html#0.3
WARNING: A Java agent has been loaded dynamically (/Users/stavrossamaras/.m2/repository/net/bytebuddy/byte-buddy-agent/1.17.6/byte-buddy-agent-1.17.6.jar)
WARNING: If a serviceability tool is in use, please run with -XX:+EnableDynamicAgentLoading to hide this warning
WARNING: If a serviceability tool is not in use, please run with -Djdk.instrument.traceUsage for more information
WARNING: Dynamic loading of agents will be disallowed by default in a future release
]]></system-err>
  </testcase>
</testsuite>